<?xml version="1.0" encoding="UTF-8"?>
<testng-results skipped="0" failed="1" ignored="12" total="23" passed="10">
  <reporter-output>
  </reporter-output>
  <suite name="TestSuite" duration-ms="140300" started-at="2018-08-03T08:03:19Z" finished-at="2018-08-03T08:05:40Z">
    <groups>
    </groups>
    <test name="Testing" duration-ms="140300" started-at="2018-08-03T08:03:19Z" finished-at="2018-08-03T08:05:40Z">
      <class name="tests.TestProductCategory">
        <test-method status="PASS" signature="checkText()[pri:3, instance:tests.TestProductCategory@cb5822]" name="checkText" duration-ms="7240" started-at="2018-08-03T08:03:46Z" finished-at="2018-08-03T08:03:53Z">
          <reporter-output>
          </reporter-output>
        </test-method> <!-- checkText -->
        <test-method status="FAIL" signature="checkText2()[pri:4, instance:tests.TestProductCategory@cb5822]" name="checkText2" duration-ms="30604" started-at="2018-08-03T08:03:53Z" finished-at="2018-08-03T08:04:24Z">
          <exception class="org.openqa.selenium.TimeoutException">
            <message>
              <![CDATA[Expected condition failed: waiting for visibility of [[ChromeDriver: chrome on XP (ea0552adddad234fbcfe370c8cdb76a0)] -> xpath: //*[@id="default_products_page_container"]/div[4]/div[2]/form/div[2]/div[1]/div[2]/p] (tried for 10 second(s) with 500 milliseconds interval)
Build info: version: '3.13.0', revision: '2f0d292', time: '2018-06-25T15:32:14.902Z'
System info: host: 'MILANHP-PC', ip: '192.168.1.3', os.name: 'Windows 7', os.arch: 'x86', os.version: '6.1', java.version: '1.8.0_171'
Driver info: org.openqa.selenium.chrome.ChromeDriver
Capabilities {acceptInsecureCerts: false, acceptSslCerts: false, applicationCacheEnabled: false, browserConnectionEnabled: false, browserName: chrome, chrome: {chromedriverVersion: 2.40.565498 (ea082db3280dd6..., userDataDir: C:\Users\MILANH~1\AppData\L...}, cssSelectorsEnabled: true, databaseEnabled: false, handlesAlerts: true, hasTouchScreen: false, javascriptEnabled: true, locationContextEnabled: true, mobileEmulationEnabled: false, nativeEvents: true, networkConnectionEnabled: false, pageLoadStrategy: normal, platform: XP, platformName: XP, rotatable: false, setWindowRect: true, takesHeapSnapshot: true, takesScreenshot: true, unexpectedAlertBehaviour: , unhandledPromptBehavior: , version: 67.0.3396.99, webStorageEnabled: true}
Session ID: ea0552adddad234fbcfe370c8cdb76a0]]>
            </message>
            <full-stacktrace>
              <![CDATA[org.openqa.selenium.TimeoutException: Expected condition failed: waiting for visibility of [[ChromeDriver: chrome on XP (ea0552adddad234fbcfe370c8cdb76a0)] -> xpath: //*[@id="default_products_page_container"]/div[4]/div[2]/form/div[2]/div[1]/div[2]/p] (tried for 10 second(s) with 500 milliseconds interval)
Build info: version: '3.13.0', revision: '2f0d292', time: '2018-06-25T15:32:14.902Z'
System info: host: 'MILANHP-PC', ip: '192.168.1.3', os.name: 'Windows 7', os.arch: 'x86', os.version: '6.1', java.version: '1.8.0_171'
Driver info: org.openqa.selenium.chrome.ChromeDriver
Capabilities {acceptInsecureCerts: false, acceptSslCerts: false, applicationCacheEnabled: false, browserConnectionEnabled: false, browserName: chrome, chrome: {chromedriverVersion: 2.40.565498 (ea082db3280dd6..., userDataDir: C:\Users\MILANH~1\AppData\L...}, cssSelectorsEnabled: true, databaseEnabled: false, handlesAlerts: true, hasTouchScreen: false, javascriptEnabled: true, locationContextEnabled: true, mobileEmulationEnabled: false, nativeEvents: true, networkConnectionEnabled: false, pageLoadStrategy: normal, platform: XP, platformName: XP, rotatable: false, setWindowRect: true, takesHeapSnapshot: true, takesScreenshot: true, unexpectedAlertBehaviour: , unhandledPromptBehavior: , version: 67.0.3396.99, webStorageEnabled: true}
Session ID: ea0552adddad234fbcfe370c8cdb76a0
at org.openqa.selenium.support.ui.WebDriverWait.timeoutException(WebDriverWait.java:81)
at org.openqa.selenium.support.ui.FluentWait.until(FluentWait.java:271)
at pages.ProductCategory.isText2At(ProductCategory.java:76)
at tests.TestProductCategory.checkText2(TestProductCategory.java:29)
at sun.reflect.NativeMethodAccessorImpl.invoke0(Native Method)
at sun.reflect.NativeMethodAccessorImpl.invoke(Unknown Source)
at sun.reflect.DelegatingMethodAccessorImpl.invoke(Unknown Source)
at java.lang.reflect.Method.invoke(Unknown Source)
at org.testng.internal.MethodInvocationHelper.invokeMethod(MethodInvocationHelper.java:124)
at org.testng.internal.Invoker.invokeMethod(Invoker.java:580)
at org.testng.internal.Invoker.invokeTestMethod(Invoker.java:716)
at org.testng.internal.Invoker.invokeTestMethods(Invoker.java:988)
at org.testng.internal.TestMethodWorker.invokeTestMethods(TestMethodWorker.java:125)
at org.testng.internal.TestMethodWorker.run(TestMethodWorker.java:109)
at org.testng.TestRunner.privateRun(TestRunner.java:648)
at org.testng.TestRunner.run(TestRunner.java:505)
at org.testng.SuiteRunner.runTest(SuiteRunner.java:455)
at org.testng.SuiteRunner.runSequentially(SuiteRunner.java:450)
at org.testng.SuiteRunner.privateRun(SuiteRunner.java:415)
at org.testng.SuiteRunner.run(SuiteRunner.java:364)
at org.testng.SuiteRunnerWorker.runSuite(SuiteRunnerWorker.java:52)
at org.testng.SuiteRunnerWorker.run(SuiteRunnerWorker.java:84)
at org.testng.TestNG.runSuitesSequentially(TestNG.java:1208)
at org.testng.TestNG.runSuitesLocally(TestNG.java:1137)
at org.testng.TestNG.runSuites(TestNG.java:1049)
at org.testng.TestNG.run(TestNG.java:1017)
at org.testng.remote.AbstractRemoteTestNG.run(AbstractRemoteTestNG.java:114)
at org.testng.remote.RemoteTestNG.initAndRun(RemoteTestNG.java:251)
at org.testng.remote.RemoteTestNG.main(RemoteTestNG.java:77)
]]>
            </full-stacktrace>
          </exception> <!-- org.openqa.selenium.TimeoutException -->
          <reporter-output>
          </reporter-output>
        </test-method> <!-- checkText2 -->
        <test-method status="PASS" signature="checkFullShopping()[pri:5, instance:tests.TestProductCategory@cb5822]" name="checkFullShopping" duration-ms="262" started-at="2018-08-03T08:04:24Z" finished-at="2018-08-03T08:04:24Z">
          <reporter-output>
          </reporter-output>
        </test-method> <!-- checkFullShopping -->
      </class> <!-- tests.TestProductCategory -->
      <class name="tests.TestProfile">
        <test-method status="PASS" signature="checkUpdate()[pri:9, instance:tests.TestProfile@be92ad]" name="checkUpdate" duration-ms="6119" started-at="2018-08-03T08:05:28Z" finished-at="2018-08-03T08:05:34Z">
          <reporter-output>
          </reporter-output>
        </test-method> <!-- checkUpdate -->
      </class> <!-- tests.TestProfile -->
      <class name="tests.TestLogout">
        <test-method status="PASS" signature="checkWasLogoutSuccessful()[pri:10, instance:tests.TestLogout@15530b9]" name="checkWasLogoutSuccessful" duration-ms="5126" started-at="2018-08-03T08:05:34Z" finished-at="2018-08-03T08:05:40Z">
          <reporter-output>
          </reporter-output>
        </test-method> <!-- checkWasLogoutSuccessful -->
      </class> <!-- tests.TestLogout -->
      <class name="tests.TestHomePage">
        <test-method status="PASS" signature="setUp()[pri:0, instance:tests.TestHomePage@be83e4]" name="setUp" is-config="true" duration-ms="8262" started-at="2018-08-03T08:03:11Z" finished-at="2018-08-03T08:03:19Z">
          <reporter-output>
          </reporter-output>
        </test-method> <!-- setUp -->
        <test-method status="PASS" signature="checkPointRight()[pri:0, instance:tests.TestHomePage@be83e4]" name="checkPointRight" duration-ms="8637" started-at="2018-08-03T08:03:19Z" finished-at="2018-08-03T08:03:28Z">
          <reporter-output>
          </reporter-output>
        </test-method> <!-- checkPointRight -->
        <test-method status="PASS" signature="checkPointMiddle()[pri:1, instance:tests.TestHomePage@be83e4]" name="checkPointMiddle" duration-ms="16311" started-at="2018-08-03T08:03:28Z" finished-at="2018-08-03T08:03:44Z">
          <reporter-output>
          </reporter-output>
        </test-method> <!-- checkPointMiddle -->
        <test-method status="PASS" signature="checkPointLeft()[pri:2, instance:tests.TestHomePage@be83e4]" name="checkPointLeft" duration-ms="1419" started-at="2018-08-03T08:03:44Z" finished-at="2018-08-03T08:03:46Z">
          <reporter-output>
          </reporter-output>
        </test-method> <!-- checkPointLeft -->
        <test-method status="PASS" signature="tearDown()[pri:0, instance:tests.TestHomePage@be83e4]" name="tearDown" is-config="true" duration-ms="436" started-at="2018-08-03T08:05:40Z" finished-at="2018-08-03T08:05:40Z">
          <reporter-output>
          </reporter-output>
        </test-method> <!-- tearDown -->
      </class> <!-- tests.TestHomePage -->
      <class name="tests.TestCheckout">
        <test-method status="PASS" signature="checkUpdateAndRemoveBtn()[pri:6, instance:tests.TestCheckout@19e13df]" name="checkUpdateAndRemoveBtn" duration-ms="34336" started-at="2018-08-03T08:04:24Z" finished-at="2018-08-03T08:04:58Z">
          <reporter-output>
          </reporter-output>
        </test-method> <!-- checkUpdateAndRemoveBtn -->
      </class> <!-- tests.TestCheckout -->
      <class name="tests.TestDashboard">
        <test-method status="PASS" signature="checkProfileText()[pri:8, instance:tests.TestDashboard@1057a39]" name="checkProfileText" duration-ms="13987" started-at="2018-08-03T08:05:14Z" finished-at="2018-08-03T08:05:28Z">
          <reporter-output>
          </reporter-output>
        </test-method> <!-- checkProfileText -->
      </class> <!-- tests.TestDashboard -->
      <class name="tests.TestMyAccount">
        <test-method status="PASS" signature="checkIsProfileUpdated()[pri:7, instance:tests.TestMyAccount@198378d]" name="checkIsProfileUpdated" duration-ms="16148" started-at="2018-08-03T08:04:58Z" finished-at="2018-08-03T08:05:14Z">
          <reporter-output>
          </reporter-output>
        </test-method> <!-- checkIsProfileUpdated -->
      </class> <!-- tests.TestMyAccount -->
    </test> <!-- Testing -->
  </suite> <!-- TestSuite -->
</testng-results>
