<?xml version="1.0" encoding="UTF-8"?>
<testng-results skipped="0" failed="0" ignored="12" total="23" passed="11">
  <reporter-output>
  </reporter-output>
  <suite name="TestSuite" duration-ms="93241" started-at="2018-08-06T12:59:50Z" finished-at="2018-08-06T13:01:23Z">
    <groups>
    </groups>
    <test name="Testing" duration-ms="93241" started-at="2018-08-06T12:59:50Z" finished-at="2018-08-06T13:01:23Z">
      <class name="tests.TestProductCategory">
        <test-method status="PASS" signature="checkText()[pri:3, instance:tests.TestProductCategory@cb5822]" name="checkText" duration-ms="16716" started-at="2018-08-06T13:00:00Z" finished-at="2018-08-06T13:00:17Z">
          <reporter-output>
          </reporter-output>
        </test-method> <!-- checkText -->
        <test-method status="PASS" signature="checkText2()[pri:4, instance:tests.TestProductCategory@cb5822]" name="checkText2" duration-ms="13103" started-at="2018-08-06T13:00:17Z" finished-at="2018-08-06T13:00:30Z">
          <reporter-output>
          </reporter-output>
        </test-method> <!-- checkText2 -->
        <test-method status="PASS" signature="checkFullShopping()[pri:5, instance:tests.TestProductCategory@cb5822]" name="checkFullShopping" duration-ms="4012" started-at="2018-08-06T13:00:30Z" finished-at="2018-08-06T13:00:34Z">
          <reporter-output>
          </reporter-output>
        </test-method> <!-- checkFullShopping -->
      </class> <!-- tests.TestProductCategory -->
      <class name="tests.TestProfile">
        <test-method status="PASS" signature="checkUpdate()[pri:9, instance:tests.TestProfile@be92ad]" name="checkUpdate" duration-ms="6469" started-at="2018-08-06T13:01:06Z" finished-at="2018-08-06T13:01:13Z">
          <reporter-output>
          </reporter-output>
        </test-method> <!-- checkUpdate -->
      </class> <!-- tests.TestProfile -->
      <class name="tests.TestLogout">
        <test-method status="PASS" signature="checkWasLogoutSuccessful()[pri:10, instance:tests.TestLogout@15530b9]" name="checkWasLogoutSuccessful" duration-ms="10872" started-at="2018-08-06T13:01:13Z" finished-at="2018-08-06T13:01:23Z">
          <reporter-output>
          </reporter-output>
        </test-method> <!-- checkWasLogoutSuccessful -->
      </class> <!-- tests.TestLogout -->
      <class name="tests.TestCheckout">
        <test-method status="PASS" signature="checkUpdateAndRemoveBtn()[pri:6, instance:tests.TestCheckout@19e13df]" name="checkUpdateAndRemoveBtn" duration-ms="12858" started-at="2018-08-06T13:00:34Z" finished-at="2018-08-06T13:00:47Z">
          <reporter-output>
          </reporter-output>
        </test-method> <!-- checkUpdateAndRemoveBtn -->
      </class> <!-- tests.TestCheckout -->
      <class name="tests.TestHomePage">
        <test-method status="PASS" signature="setUp()[pri:0, instance:tests.TestHomePage@be83e4]" name="setUp" is-config="true" duration-ms="21859" started-at="2018-08-06T12:59:28Z" finished-at="2018-08-06T12:59:50Z">
          <reporter-output>
          </reporter-output>
        </test-method> <!-- setUp -->
        <test-method status="PASS" signature="checkPointRight()[pri:0, instance:tests.TestHomePage@be83e4]" name="checkPointRight" duration-ms="7750" started-at="2018-08-06T12:59:51Z" finished-at="2018-08-06T12:59:58Z">
          <reporter-output>
          </reporter-output>
        </test-method> <!-- checkPointRight -->
        <test-method status="PASS" signature="checkPointMiddle()[pri:1, instance:tests.TestHomePage@be83e4]" name="checkPointMiddle" duration-ms="881" started-at="2018-08-06T12:59:58Z" finished-at="2018-08-06T12:59:59Z">
          <reporter-output>
          </reporter-output>
        </test-method> <!-- checkPointMiddle -->
        <test-method status="PASS" signature="checkPointLeft()[pri:2, instance:tests.TestHomePage@be83e4]" name="checkPointLeft" duration-ms="922" started-at="2018-08-06T12:59:59Z" finished-at="2018-08-06T13:00:00Z">
          <reporter-output>
          </reporter-output>
        </test-method> <!-- checkPointLeft -->
        <test-method status="PASS" signature="tearDown()[pri:0, instance:tests.TestHomePage@be83e4]" name="tearDown" is-config="true" duration-ms="2082" started-at="2018-08-06T13:01:24Z" finished-at="2018-08-06T13:01:26Z">
          <reporter-output>
          </reporter-output>
        </test-method> <!-- tearDown -->
      </class> <!-- tests.TestHomePage -->
      <class name="tests.TestDashboard">
        <test-method status="PASS" signature="checkProfileText()[pri:8, instance:tests.TestDashboard@1057a39]" name="checkProfileText" duration-ms="9533" started-at="2018-08-06T13:00:57Z" finished-at="2018-08-06T13:01:06Z">
          <reporter-output>
          </reporter-output>
        </test-method> <!-- checkProfileText -->
      </class> <!-- tests.TestDashboard -->
      <class name="tests.TestMyAccount">
        <test-method status="PASS" signature="checkIsProfileUpdated()[pri:7, instance:tests.TestMyAccount@198378d]" name="checkIsProfileUpdated" duration-ms="9786" started-at="2018-08-06T13:00:47Z" finished-at="2018-08-06T13:00:57Z">
          <reporter-output>
          </reporter-output>
        </test-method> <!-- checkIsProfileUpdated -->
      </class> <!-- tests.TestMyAccount -->
    </test> <!-- Testing -->
  </suite> <!-- TestSuite -->
</testng-results>
