<?xml version="1.0" encoding="UTF-8"?>
<!-- Generated by org.testng.reporters.JUnitXMLReporter -->
<testsuite hostname="MilanHP-PC" ignored="12" name="Testing" tests="11" failures="0" timestamp="06 Aug 2018 13:01:24 GMT" time="93.241" errors="0">
  <testcase name="checkPointRight" time="7.75" classname="tests.TestHomePage"/>
  <testcase name="checkPointMiddle" time="0.881" classname="tests.TestHomePage"/>
  <testcase name="checkPointLeft" time="0.922" classname="tests.TestHomePage"/>
  <testcase name="checkText" time="16.716" classname="tests.TestProductCategory"/>
  <testcase name="checkText2" time="13.103" classname="tests.TestProductCategory"/>
  <testcase name="checkFullShopping" time="4.012" classname="tests.TestProductCategory"/>
  <testcase name="checkUpdateAndRemoveBtn" time="12.858" classname="tests.TestCheckout"/>
  <testcase name="checkIsProfileUpdated" time="9.786" classname="tests.TestMyAccount"/>
  <testcase name="checkProfileText" time="9.533" classname="tests.TestDashboard"/>
  <testcase name="checkUpdate" time="6.469" classname="tests.TestProfile"/>
  <testcase name="checkWasLogoutSuccessful" time="10.872" classname="tests.TestLogout"/>
  <testcase name="@AfterSuite tearDown" time="0.0" classname="tests.testNG">
    <ignored/>
  </testcase> <!-- @AfterSuite tearDown -->
  <testcase name="@AfterSuite tearDown" time="0.0" classname="tests.testNG">
    <ignored/>
  </testcase> <!-- @AfterSuite tearDown -->
  <testcase name="@AfterSuite tearDown" time="0.0" classname="tests.testNG">
    <ignored/>
  </testcase> <!-- @AfterSuite tearDown -->
  <testcase name="@AfterSuite tearDown" time="0.0" classname="tests.testNG">
    <ignored/>
  </testcase> <!-- @AfterSuite tearDown -->
  <testcase name="@AfterSuite tearDown" time="0.0" classname="tests.testNG">
    <ignored/>
  </testcase> <!-- @AfterSuite tearDown -->
  <testcase name="@AfterSuite tearDown" time="0.0" classname="tests.testNG">
    <ignored/>
  </testcase> <!-- @AfterSuite tearDown -->
  <testcase name="@BeforeSuite setUp" time="0.0" classname="tests.testNG">
    <ignored/>
  </testcase> <!-- @BeforeSuite setUp -->
  <testcase name="@BeforeSuite setUp" time="0.0" classname="tests.testNG">
    <ignored/>
  </testcase> <!-- @BeforeSuite setUp -->
  <testcase name="@BeforeSuite setUp" time="0.0" classname="tests.testNG">
    <ignored/>
  </testcase> <!-- @BeforeSuite setUp -->
  <testcase name="@BeforeSuite setUp" time="0.0" classname="tests.testNG">
    <ignored/>
  </testcase> <!-- @BeforeSuite setUp -->
  <testcase name="@BeforeSuite setUp" time="0.0" classname="tests.testNG">
    <ignored/>
  </testcase> <!-- @BeforeSuite setUp -->
  <testcase name="@BeforeSuite setUp" time="0.0" classname="tests.testNG">
    <ignored/>
  </testcase> <!-- @BeforeSuite setUp -->
</testsuite> <!-- Testing -->
